Analysis & Synthesis report for practica6
Tue Nov 12 18:52:39 2019
Quartus Prime Version 18.1.0 Build 625 09/12/2018 SJ Lite Edition


---------------------
; Table of Contents ;
---------------------
  1. Legal Notice
  2. Analysis & Synthesis Summary
  3. Analysis & Synthesis Settings
  4. Parallel Compilation
  5. Analysis & Synthesis Source Files Read
  6. Analysis & Synthesis Resource Usage Summary
  7. Analysis & Synthesis Resource Utilization by Entity
  8. User-Specified and Inferred Latches
  9. General Register Statistics
 10. Multiplexer Restructuring Statistics (Restructuring Performed)
 11. Post-Synthesis Netlist Statistics for Top Partition
 12. Elapsed Time Per Partition
 13. Analysis & Synthesis Messages



----------------
; Legal Notice ;
----------------
Copyright (C) 2018  Intel Corporation. All rights reserved.
Your use of Intel Corporation's design tools, logic functions 
and other software and tools, and its AMPP partner logic 
functions, and any output files from any of the foregoing 
(including device programming or simulation files), and any 
associated documentation or information are expressly subject 
to the terms and conditions of the Intel Program License 
Subscription Agreement, the Intel Quartus Prime License Agreement,
the Intel FPGA IP License Agreement, or other applicable license
agreement, including, without limitation, that your use is for
the sole purpose of programming logic devices manufactured by
Intel and sold by Intel or its authorized distributors.  Please
refer to the applicable agreement for further details.



+----------------------------------------------------------------------------------+
; Analysis & Synthesis Summary                                                     ;
+------------------------------------+---------------------------------------------+
; Analysis & Synthesis Status        ; Successful - Tue Nov 12 18:52:39 2019       ;
; Quartus Prime Version              ; 18.1.0 Build 625 09/12/2018 SJ Lite Edition ;
; Revision Name                      ; practica6                                   ;
; Top-level Entity Name              ; practica6                                   ;
; Family                             ; MAX 10                                      ;
; Total logic elements               ; 63                                          ;
;     Total combinational functions  ; 55                                          ;
;     Dedicated logic registers      ; 12                                          ;
; Total registers                    ; 12                                          ;
; Total pins                         ; 21                                          ;
; Total virtual pins                 ; 0                                           ;
; Total memory bits                  ; 0                                           ;
; Embedded Multiplier 9-bit elements ; 0                                           ;
; Total PLLs                         ; 0                                           ;
; UFM blocks                         ; 0                                           ;
; ADC blocks                         ; 0                                           ;
+------------------------------------+---------------------------------------------+


+------------------------------------------------------------------------------------------------------------+
; Analysis & Synthesis Settings                                                                              ;
+------------------------------------------------------------------+--------------------+--------------------+
; Option                                                           ; Setting            ; Default Value      ;
+------------------------------------------------------------------+--------------------+--------------------+
; Device                                                           ; 10M50DAF484C7G     ;                    ;
; Top-level entity name                                            ; practica6          ; practica6          ;
; Family name                                                      ; MAX 10             ; Cyclone V          ;
; Use smart compilation                                            ; Off                ; Off                ;
; Enable parallel Assembler and Timing Analyzer during compilation ; On                 ; On                 ;
; Enable compact report table                                      ; Off                ; Off                ;
; Restructure Multiplexers                                         ; Auto               ; Auto               ;
; Create Debugging Nodes for IP Cores                              ; Off                ; Off                ;
; Preserve fewer node names                                        ; On                 ; On                 ;
; Intel FPGA IP Evaluation Mode                                    ; Enable             ; Enable             ;
; Verilog Version                                                  ; Verilog_2001       ; Verilog_2001       ;
; VHDL Version                                                     ; VHDL_1993          ; VHDL_1993          ;
; State Machine Processing                                         ; Auto               ; Auto               ;
; Safe State Machine                                               ; Off                ; Off                ;
; Extract Verilog State Machines                                   ; On                 ; On                 ;
; Extract VHDL State Machines                                      ; On                 ; On                 ;
; Ignore Verilog initial constructs                                ; Off                ; Off                ;
; Iteration limit for constant Verilog loops                       ; 5000               ; 5000               ;
; Iteration limit for non-constant Verilog loops                   ; 250                ; 250                ;
; Add Pass-Through Logic to Inferred RAMs                          ; On                 ; On                 ;
; Infer RAMs from Raw Logic                                        ; On                 ; On                 ;
; Parallel Synthesis                                               ; On                 ; On                 ;
; DSP Block Balancing                                              ; Auto               ; Auto               ;
; NOT Gate Push-Back                                               ; On                 ; On                 ;
; Power-Up Don't Care                                              ; On                 ; On                 ;
; Remove Redundant Logic Cells                                     ; Off                ; Off                ;
; Remove Duplicate Registers                                       ; On                 ; On                 ;
; Ignore CARRY Buffers                                             ; Off                ; Off                ;
; Ignore CASCADE Buffers                                           ; Off                ; Off                ;
; Ignore GLOBAL Buffers                                            ; Off                ; Off                ;
; Ignore ROW GLOBAL Buffers                                        ; Off                ; Off                ;
; Ignore LCELL Buffers                                             ; Off                ; Off                ;
; Ignore SOFT Buffers                                              ; On                 ; On                 ;
; Limit AHDL Integers to 32 Bits                                   ; Off                ; Off                ;
; Optimization Technique                                           ; Balanced           ; Balanced           ;
; Carry Chain Length                                               ; 70                 ; 70                 ;
; Auto Carry Chains                                                ; On                 ; On                 ;
; Auto Open-Drain Pins                                             ; On                 ; On                 ;
; Perform WYSIWYG Primitive Resynthesis                            ; Off                ; Off                ;
; Auto ROM Replacement                                             ; On                 ; On                 ;
; Auto RAM Replacement                                             ; On                 ; On                 ;
; Auto DSP Block Replacement                                       ; On                 ; On                 ;
; Auto Shift Register Replacement                                  ; Auto               ; Auto               ;
; Allow Shift Register Merging across Hierarchies                  ; Auto               ; Auto               ;
; Auto Clock Enable Replacement                                    ; On                 ; On                 ;
; Strict RAM Replacement                                           ; Off                ; Off                ;
; Allow Synchronous Control Signals                                ; On                 ; On                 ;
; Force Use of Synchronous Clear Signals                           ; Off                ; Off                ;
; Auto RAM Block Balancing                                         ; On                 ; On                 ;
; Auto RAM to Logic Cell Conversion                                ; Off                ; Off                ;
; Auto Resource Sharing                                            ; Off                ; Off                ;
; Allow Any RAM Size For Recognition                               ; Off                ; Off                ;
; Allow Any ROM Size For Recognition                               ; Off                ; Off                ;
; Allow Any Shift Register Size For Recognition                    ; Off                ; Off                ;
; Use LogicLock Constraints during Resource Balancing              ; On                 ; On                 ;
; Ignore translate_off and synthesis_off directives                ; Off                ; Off                ;
; Timing-Driven Synthesis                                          ; On                 ; On                 ;
; Report Parameter Settings                                        ; On                 ; On                 ;
; Report Source Assignments                                        ; On                 ; On                 ;
; Report Connectivity Checks                                       ; On                 ; On                 ;
; Ignore Maximum Fan-Out Assignments                               ; Off                ; Off                ;
; Synchronization Register Chain Length                            ; 2                  ; 2                  ;
; Power Optimization During Synthesis                              ; Normal compilation ; Normal compilation ;
; HDL message level                                                ; Level2             ; Level2             ;
; Suppress Register Optimization Related Messages                  ; Off                ; Off                ;
; Number of Removed Registers Reported in Synthesis Report         ; 5000               ; 5000               ;
; Number of Swept Nodes Reported in Synthesis Report               ; 5000               ; 5000               ;
; Number of Inverted Registers Reported in Synthesis Report        ; 100                ; 100                ;
; Clock MUX Protection                                             ; On                 ; On                 ;
; Auto Gated Clock Conversion                                      ; Off                ; Off                ;
; Block Design Naming                                              ; Auto               ; Auto               ;
; SDC constraint protection                                        ; Off                ; Off                ;
; Synthesis Effort                                                 ; Auto               ; Auto               ;
; Shift Register Replacement - Allow Asynchronous Clear Signal     ; On                 ; On                 ;
; Pre-Mapping Resynthesis Optimization                             ; Off                ; Off                ;
; Analysis & Synthesis Message Level                               ; Medium             ; Medium             ;
; Disable Register Merging Across Hierarchies                      ; Auto               ; Auto               ;
; Resource Aware Inference For Block RAM                           ; On                 ; On                 ;
+------------------------------------------------------------------+--------------------+--------------------+


+------------------------------------------+
; Parallel Compilation                     ;
+----------------------------+-------------+
; Processors                 ; Number      ;
+----------------------------+-------------+
; Number detected on machine ; 8           ;
; Maximum allowed            ; 4           ;
;                            ;             ;
; Average used               ; 1.00        ;
; Maximum used               ; 4           ;
;                            ;             ;
; Usage by Processor         ; % Time Used ;
;     Processor 1            ; 100.0%      ;
;     Processors 2-4         ;   0.0%      ;
+----------------------------+-------------+


+-----------------------------------------------------------------------------------------------------------------------------------------------------------------+
; Analysis & Synthesis Source Files Read                                                                                                                          ;
+----------------------------------+-----------------+------------------------------------+-------------------------------------------------------------+---------+
; File Name with User-Entered Path ; Used in Netlist ; File Type                          ; File Name with Absolute Path                                ; Library ;
+----------------------------------+-----------------+------------------------------------+-------------------------------------------------------------+---------+
; practica6.bdf                    ; yes             ; User Block Diagram/Schematic File  ; C:/Users/ramse/Downloads/Practica_6/practica6.bdf           ;         ;
; registro_4x4.vhd                 ; yes             ; User VHDL File                     ; C:/Users/ramse/Downloads/Practica_6/registro_4x4.vhd        ;         ;
; secuenciador.bdf                 ; yes             ; User Block Diagram/Schematic File  ; C:/Users/ramse/Downloads/Practica_6/secuenciador.bdf        ;         ;
; incrementador.vhd                ; yes             ; User VHDL File                     ; C:/Users/ramse/Downloads/Practica_6/incrementador.vhd       ;         ;
; memoria.vhd                      ; yes             ; User VHDL File                     ; C:/Users/ramse/Downloads/Practica_6/memoria.vhd             ;         ;
; divisor_datos.vhd                ; yes             ; User VHDL File                     ; C:/Users/ramse/Downloads/Practica_6/divisor_datos.vhd       ;         ;
; mux_2X4X1_1.vhd                  ; yes             ; User VHDL File                     ; C:/Users/ramse/Downloads/Practica_6/mux_2X4X1_1.vhd         ;         ;
; mux_1X2X1_4.vhd                  ; yes             ; User VHDL File                     ; C:/Users/ramse/Downloads/Practica_6/mux_1X2X1_4.vhd         ;         ;
; logica_interna.vhd               ; yes             ; User VHDL File                     ; C:/Users/ramse/Downloads/Practica_6/logica_interna.vhd      ;         ;
; registro_transf_4x4.vhd          ; yes             ; User VHDL File                     ; C:/Users/ramse/Downloads/Practica_6/registro_transf_4x4.vhd ;         ;
; registro_int_4x4.vhd             ; yes             ; User VHDL File                     ; C:/Users/ramse/Downloads/Practica_6/registro_int_4x4.vhd    ;         ;
+----------------------------------+-----------------+------------------------------------+-------------------------------------------------------------+---------+


+------------------------------------------------------------------------------------------------------+
; Analysis & Synthesis Resource Usage Summary                                                          ;
+---------------------------------------------+--------------------------------------------------------+
; Resource                                    ; Usage                                                  ;
+---------------------------------------------+--------------------------------------------------------+
; Estimated Total logic elements              ; 63                                                     ;
;                                             ;                                                        ;
; Total combinational functions               ; 55                                                     ;
; Logic element usage by number of LUT inputs ;                                                        ;
;     -- 4 input functions                    ; 36                                                     ;
;     -- 3 input functions                    ; 19                                                     ;
;     -- <=2 input functions                  ; 0                                                      ;
;                                             ;                                                        ;
; Logic elements by mode                      ;                                                        ;
;     -- normal mode                          ; 55                                                     ;
;     -- arithmetic mode                      ; 0                                                      ;
;                                             ;                                                        ;
; Total registers                             ; 12                                                     ;
;     -- Dedicated logic registers            ; 12                                                     ;
;     -- I/O registers                        ; 0                                                      ;
;                                             ;                                                        ;
; I/O pins                                    ; 21                                                     ;
;                                             ;                                                        ;
; Embedded Multiplier 9-bit elements          ; 0                                                      ;
;                                             ;                                                        ;
; Maximum fan-out node                        ; secuenciador:SEC_1|registro_4x4:REG_1|valor_interno[0] ;
; Maximum fan-out                             ; 31                                                     ;
; Total fan-out                               ; 266                                                    ;
; Average fan-out                             ; 2.44                                                   ;
+---------------------------------------------+--------------------------------------------------------+


+-------------------------------------------------------------------------------------------------------------------------------------------------------------------------------------------------------------------------------------------------------------------------------------+
; Analysis & Synthesis Resource Utilization by Entity                                                                                                                                                                                                                                 ;
+---------------------------------------+---------------------+---------------------------+-------------+------------+--------------+---------+-----------+------+--------------+------------+---------------------------------------------------+---------------------+--------------+
; Compilation Hierarchy Node            ; Combinational ALUTs ; Dedicated Logic Registers ; Memory Bits ; UFM Blocks ; DSP Elements ; DSP 9x9 ; DSP 18x18 ; Pins ; Virtual Pins ; ADC blocks ; Full Hierarchy Name                               ; Entity Name         ; Library Name ;
+---------------------------------------+---------------------+---------------------------+-------------+------------+--------------+---------+-----------+------+--------------+------------+---------------------------------------------------+---------------------+--------------+
; |practica6                            ; 55 (0)              ; 12 (0)                    ; 0           ; 0          ; 0            ; 0       ; 0         ; 21   ; 0            ; 0          ; |practica6                                        ; practica6           ; work         ;
;    |logica_interna:LOG_INT_1|         ; 1 (1)               ; 0 (0)                     ; 0           ; 0          ; 0            ; 0       ; 0         ; 0    ; 0            ; 0          ; |practica6|logica_interna:LOG_INT_1               ; logica_interna      ; work         ;
;    |memoria:MEM_1|                    ; 39 (39)             ; 0 (0)                     ; 0           ; 0          ; 0            ; 0       ; 0         ; 0    ; 0            ; 0          ; |practica6|memoria:MEM_1                          ; memoria             ; work         ;
;    |mux_2X4X1_1:MUX_1|                ; 2 (2)               ; 0 (0)                     ; 0           ; 0          ; 0            ; 0       ; 0         ; 0    ; 0            ; 0          ; |practica6|mux_2X4X1_1:MUX_1                      ; mux_2X4X1_1         ; work         ;
;    |registro_int_4x4:REG_INT_1|       ; 0 (0)               ; 4 (4)                     ; 0           ; 0          ; 0            ; 0       ; 0         ; 0    ; 0            ; 0          ; |practica6|registro_int_4x4:REG_INT_1             ; registro_int_4x4    ; work         ;
;    |registro_transf_4x4:REG_TRANSF_1| ; 0 (0)               ; 4 (4)                     ; 0           ; 0          ; 0            ; 0       ; 0         ; 0    ; 0            ; 0          ; |practica6|registro_transf_4x4:REG_TRANSF_1       ; registro_transf_4x4 ; work         ;
;    |secuenciador:SEC_1|               ; 13 (0)              ; 4 (0)                     ; 0           ; 0          ; 0            ; 0       ; 0         ; 0    ; 0            ; 0          ; |practica6|secuenciador:SEC_1                     ; secuenciador        ; work         ;
;       |incrementador:INC_1|           ; 2 (2)               ; 0 (0)                     ; 0           ; 0          ; 0            ; 0       ; 0         ; 0    ; 0            ; 0          ; |practica6|secuenciador:SEC_1|incrementador:INC_1 ; incrementador       ; work         ;
;       |mux_1X2X1_4:MUX_1|             ; 9 (9)               ; 0 (0)                     ; 0           ; 0          ; 0            ; 0       ; 0         ; 0    ; 0            ; 0          ; |practica6|secuenciador:SEC_1|mux_1X2X1_4:MUX_1   ; mux_1X2X1_4         ; work         ;
;       |registro_4x4:REG_1|            ; 2 (2)               ; 4 (4)                     ; 0           ; 0          ; 0            ; 0       ; 0         ; 0    ; 0            ; 0          ; |practica6|secuenciador:SEC_1|registro_4x4:REG_1  ; registro_4x4        ; work         ;
+---------------------------------------+---------------------+---------------------------+-------------+------------+--------------+---------+-----------+------+--------------+------------+---------------------------------------------------+---------------------+--------------+
Note: For table entries with two numbers listed, the numbers in parentheses indicate the number of resources of the given type used by the specific entity alone. The numbers listed outside of parentheses indicate the total resources of the given type used by the specific entity and all of its sub-entities in the hierarchy.


+----------------------------------------------------------------------------------------------------+
; User-Specified and Inferred Latches                                                                ;
+-----------------------------------------------------+---------------------+------------------------+
; Latch Name                                          ; Latch Enable Signal ; Free of Timing Hazards ;
+-----------------------------------------------------+---------------------+------------------------+
; memoria:MEM_1|DATOS[3]                              ; GND                 ; yes                    ;
; memoria:MEM_1|DATOS[2]                              ; GND                 ; yes                    ;
; memoria:MEM_1|DATOS[1]                              ; GND                 ; yes                    ;
; memoria:MEM_1|DATOS[0]                              ; GND                 ; yes                    ;
; memoria:MEM_1|DATOS[10]                             ; GND                 ; yes                    ;
; memoria:MEM_1|DATOS[11]                             ; GND                 ; yes                    ;
; memoria:MEM_1|DATOS[12]                             ; GND                 ; yes                    ;
; memoria:MEM_1|DATOS[8]                              ; GND                 ; yes                    ;
; memoria:MEM_1|DATOS[9]                              ; GND                 ; yes                    ;
; memoria:MEM_1|DATOS[7]                              ; GND                 ; yes                    ;
; memoria:MEM_1|DATOS[6]                              ; GND                 ; yes                    ;
; memoria:MEM_1|DATOS[5]                              ; GND                 ; yes                    ;
; memoria:MEM_1|DATOS[4]                              ; GND                 ; yes                    ;
; Number of user-specified and inferred latches = 13  ;                     ;                        ;
+-----------------------------------------------------+---------------------+------------------------+
Note: All latches listed above may not be present at the end of synthesis due to various synthesis optimizations.


+------------------------------------------------------+
; General Register Statistics                          ;
+----------------------------------------------+-------+
; Statistic                                    ; Value ;
+----------------------------------------------+-------+
; Total registers                              ; 12    ;
; Number of registers using Synchronous Clear  ; 0     ;
; Number of registers using Synchronous Load   ; 0     ;
; Number of registers using Asynchronous Clear ; 12    ;
; Number of registers using Asynchronous Load  ; 0     ;
; Number of registers using Clock Enable       ; 0     ;
; Number of registers using Preset             ; 0     ;
+----------------------------------------------+-------+


+---------------------------------------------------------------------------------------------------------------------------------------------------------------------------------+
; Multiplexer Restructuring Statistics (Restructuring Performed)                                                                                                                  ;
+--------------------+-----------+---------------+----------------------+------------------------+------------+-------------------------------------------------------------------+
; Multiplexer Inputs ; Bus Width ; Baseline Area ; Area if Restructured ; Saving if Restructured ; Registered ; Example Multiplexer Output                                        ;
+--------------------+-----------+---------------+----------------------+------------------------+------------+-------------------------------------------------------------------+
; 4:1                ; 4 bits    ; 8 LEs         ; 8 LEs                ; 0 LEs                  ; Yes        ; |practica6|secuenciador:SEC_1|registro_4x4:REG_1|valor_interno[3] ;
; 5:1                ; 2 bits    ; 6 LEs         ; 6 LEs                ; 0 LEs                  ; No         ; |practica6|memoria:MEM_1|DATOS[9]                                 ;
+--------------------+-----------+---------------+----------------------+------------------------+------------+-------------------------------------------------------------------+


+-----------------------------------------------------+
; Post-Synthesis Netlist Statistics for Top Partition ;
+-----------------------+-----------------------------+
; Type                  ; Count                       ;
+-----------------------+-----------------------------+
; boundary_port         ; 21                          ;
; cycloneiii_ff         ; 12                          ;
;     CLR               ; 12                          ;
; cycloneiii_lcell_comb ; 55                          ;
;     normal            ; 55                          ;
;         3 data inputs ; 19                          ;
;         4 data inputs ; 36                          ;
;                       ;                             ;
; Max LUT depth         ; 5.00                        ;
; Average LUT depth     ; 2.42                        ;
+-----------------------+-----------------------------+


+-------------------------------+
; Elapsed Time Per Partition    ;
+----------------+--------------+
; Partition Name ; Elapsed Time ;
+----------------+--------------+
; Top            ; 00:00:02     ;
+----------------+--------------+


+-------------------------------+
; Analysis & Synthesis Messages ;
+-------------------------------+
Info: *******************************************************************
Info: Running Quartus Prime Analysis & Synthesis
    Info: Version 18.1.0 Build 625 09/12/2018 SJ Lite Edition
    Info: Processing started: Tue Nov 12 18:52:19 2019
Info: Command: quartus_map --read_settings_files=on --write_settings_files=off practica6 -c practica6
Warning (18236): Number of processors has not been specified which may cause overloading on shared machines.  Set the global assignment NUM_PARALLEL_PROCESSORS in your QSF to an appropriate value for best performance.
Info (20030): Parallel compilation is enabled and will use 4 of the 4 processors detected
Info (12021): Found 1 design units, including 1 entities, in source file practica6.bdf
    Info (12023): Found entity 1: practica6
Info (12021): Found 2 design units, including 1 entities, in source file registro_4x4.vhd
    Info (12022): Found design unit 1: registro_4x4-Behavioral File: C:/Users/ramse/Downloads/Practica_6/registro_4x4.vhd Line: 11
    Info (12023): Found entity 1: registro_4x4 File: C:/Users/ramse/Downloads/Practica_6/registro_4x4.vhd Line: 4
Info (12021): Found 1 design units, including 1 entities, in source file secuenciador.bdf
    Info (12023): Found entity 1: secuenciador
Info (12021): Found 2 design units, including 1 entities, in source file incrementador.vhd
    Info (12022): Found design unit 1: incrementador-Behavioral File: C:/Users/ramse/Downloads/Practica_6/incrementador.vhd Line: 11
    Info (12023): Found entity 1: incrementador File: C:/Users/ramse/Downloads/Practica_6/incrementador.vhd Line: 6
Info (12021): Found 2 design units, including 1 entities, in source file memoria.vhd
    Info (12022): Found design unit 1: memoria-Behavioral File: C:/Users/ramse/Downloads/Practica_6/memoria.vhd Line: 11
    Info (12023): Found entity 1: memoria File: C:/Users/ramse/Downloads/Practica_6/memoria.vhd Line: 6
Info (12021): Found 2 design units, including 1 entities, in source file divisor_datos.vhd
    Info (12022): Found design unit 1: divisor_datos-Behavioral File: C:/Users/ramse/Downloads/Practica_6/divisor_datos.vhd Line: 16
    Info (12023): Found entity 1: divisor_datos File: C:/Users/ramse/Downloads/Practica_6/divisor_datos.vhd Line: 6
Info (12021): Found 2 design units, including 1 entities, in source file mux_2x4x1_1.vhd
    Info (12022): Found design unit 1: mux_2X4X1_1-Behavioral File: C:/Users/ramse/Downloads/Practica_6/mux_2X4X1_1.vhd Line: 13
    Info (12023): Found entity 1: mux_2X4X1_1 File: C:/Users/ramse/Downloads/Practica_6/mux_2X4X1_1.vhd Line: 4
Info (12021): Found 2 design units, including 1 entities, in source file mux_1x2x1_4.vhd
    Info (12022): Found design unit 1: mux_1X2X1_4-Behavioral File: C:/Users/ramse/Downloads/Practica_6/mux_1X2X1_4.vhd Line: 11
    Info (12023): Found entity 1: mux_1X2X1_4 File: C:/Users/ramse/Downloads/Practica_6/mux_1X2X1_4.vhd Line: 4
Info (12021): Found 2 design units, including 1 entities, in source file logica_interna.vhd
    Info (12022): Found design unit 1: logica_interna-Behavioral File: C:/Users/ramse/Downloads/Practica_6/logica_interna.vhd Line: 13
    Info (12023): Found entity 1: logica_interna File: C:/Users/ramse/Downloads/Practica_6/logica_interna.vhd Line: 4
Info (12021): Found 2 design units, including 1 entities, in source file registro_transf_4x4.vhd
    Info (12022): Found design unit 1: registro_transf_4x4-Behavioral File: C:/Users/ramse/Downloads/Practica_6/registro_transf_4x4.vhd Line: 12
    Info (12023): Found entity 1: registro_transf_4x4 File: C:/Users/ramse/Downloads/Practica_6/registro_transf_4x4.vhd Line: 4
Info (12021): Found 2 design units, including 1 entities, in source file registro_int_4x4.vhd
    Info (12022): Found design unit 1: registro_int_4x4-Behavioral File: C:/Users/ramse/Downloads/Practica_6/registro_int_4x4.vhd Line: 12
    Info (12023): Found entity 1: registro_int_4x4 File: C:/Users/ramse/Downloads/Practica_6/registro_int_4x4.vhd Line: 4
Info (12021): Found 2 design units, including 1 entities, in source file sensa_boton.vhd
    Info (12022): Found design unit 1: sensa_boton-Behavioral File: C:/Users/ramse/Downloads/Practica_6/sensa_boton.vhd Line: 13
    Info (12023): Found entity 1: sensa_boton File: C:/Users/ramse/Downloads/Practica_6/sensa_boton.vhd Line: 6
Info (12127): Elaborating entity "practica6" for the top level hierarchy
Info (12128): Elaborating entity "secuenciador" for hierarchy "secuenciador:SEC_1"
Warning (275011): Block or symbol "mux_1X2X1_4" of instance "MUX_1" overlaps another block or symbol
Info (12128): Elaborating entity "registro_4x4" for hierarchy "secuenciador:SEC_1|registro_4x4:REG_1"
Info (12128): Elaborating entity "mux_1X2X1_4" for hierarchy "secuenciador:SEC_1|mux_1X2X1_4:MUX_1"
Warning (10631): VHDL Process Statement warning at mux_1X2X1_4.vhd(13): inferring latch(es) for signal or variable "SALIDA", which holds its previous value in one or more paths through the process File: C:/Users/ramse/Downloads/Practica_6/mux_1X2X1_4.vhd Line: 13
Info (10041): Inferred latch for "SALIDA[0]" at mux_1X2X1_4.vhd(13) File: C:/Users/ramse/Downloads/Practica_6/mux_1X2X1_4.vhd Line: 13
Info (10041): Inferred latch for "SALIDA[1]" at mux_1X2X1_4.vhd(13) File: C:/Users/ramse/Downloads/Practica_6/mux_1X2X1_4.vhd Line: 13
Info (10041): Inferred latch for "SALIDA[2]" at mux_1X2X1_4.vhd(13) File: C:/Users/ramse/Downloads/Practica_6/mux_1X2X1_4.vhd Line: 13
Info (10041): Inferred latch for "SALIDA[3]" at mux_1X2X1_4.vhd(13) File: C:/Users/ramse/Downloads/Practica_6/mux_1X2X1_4.vhd Line: 13
Info (12128): Elaborating entity "incrementador" for hierarchy "secuenciador:SEC_1|incrementador:INC_1"
Info (12128): Elaborating entity "logica_interna" for hierarchy "logica_interna:LOG_INT_1"
Info (12128): Elaborating entity "mux_2X4X1_1" for hierarchy "mux_2X4X1_1:MUX_1"
Warning (10631): VHDL Process Statement warning at mux_2X4X1_1.vhd(15): inferring latch(es) for signal or variable "SALIDA", which holds its previous value in one or more paths through the process File: C:/Users/ramse/Downloads/Practica_6/mux_2X4X1_1.vhd Line: 15
Info (10041): Inferred latch for "SALIDA" at mux_2X4X1_1.vhd(15) File: C:/Users/ramse/Downloads/Practica_6/mux_2X4X1_1.vhd Line: 15
Info (12128): Elaborating entity "divisor_datos" for hierarchy "divisor_datos:DIV_1"
Info (12128): Elaborating entity "memoria" for hierarchy "memoria:MEM_1"
Warning (10631): VHDL Process Statement warning at memoria.vhd(13): inferring latch(es) for signal or variable "DATOS", which holds its previous value in one or more paths through the process File: C:/Users/ramse/Downloads/Practica_6/memoria.vhd Line: 13
Info (10041): Inferred latch for "DATOS[0]" at memoria.vhd(13) File: C:/Users/ramse/Downloads/Practica_6/memoria.vhd Line: 13
Info (10041): Inferred latch for "DATOS[1]" at memoria.vhd(13) File: C:/Users/ramse/Downloads/Practica_6/memoria.vhd Line: 13
Info (10041): Inferred latch for "DATOS[2]" at memoria.vhd(13) File: C:/Users/ramse/Downloads/Practica_6/memoria.vhd Line: 13
Info (10041): Inferred latch for "DATOS[3]" at memoria.vhd(13) File: C:/Users/ramse/Downloads/Practica_6/memoria.vhd Line: 13
Info (10041): Inferred latch for "DATOS[4]" at memoria.vhd(13) File: C:/Users/ramse/Downloads/Practica_6/memoria.vhd Line: 13
Info (10041): Inferred latch for "DATOS[5]" at memoria.vhd(13) File: C:/Users/ramse/Downloads/Practica_6/memoria.vhd Line: 13
Info (10041): Inferred latch for "DATOS[6]" at memoria.vhd(13) File: C:/Users/ramse/Downloads/Practica_6/memoria.vhd Line: 13
Info (10041): Inferred latch for "DATOS[7]" at memoria.vhd(13) File: C:/Users/ramse/Downloads/Practica_6/memoria.vhd Line: 13
Info (10041): Inferred latch for "DATOS[8]" at memoria.vhd(13) File: C:/Users/ramse/Downloads/Practica_6/memoria.vhd Line: 13
Info (10041): Inferred latch for "DATOS[9]" at memoria.vhd(13) File: C:/Users/ramse/Downloads/Practica_6/memoria.vhd Line: 13
Info (10041): Inferred latch for "DATOS[10]" at memoria.vhd(13) File: C:/Users/ramse/Downloads/Practica_6/memoria.vhd Line: 13
Info (10041): Inferred latch for "DATOS[11]" at memoria.vhd(13) File: C:/Users/ramse/Downloads/Practica_6/memoria.vhd Line: 13
Info (10041): Inferred latch for "DATOS[12]" at memoria.vhd(13) File: C:/Users/ramse/Downloads/Practica_6/memoria.vhd Line: 13
Info (12128): Elaborating entity "registro_transf_4x4" for hierarchy "registro_transf_4x4:REG_TRANSF_1"
Info (12128): Elaborating entity "registro_int_4x4" for hierarchy "registro_int_4x4:REG_INT_1"
Warning (13046): Tri-state node(s) do not directly drive top-level pin(s)
    Warning (13048): Converted tri-state node feeding "secuenciador:SEC_1|mux_1X2X1_4:MUX_1|SALIDA[3]" into a selector File: C:/Users/ramse/Downloads/Practica_6/mux_1X2X1_4.vhd Line: 13
    Warning (13048): Converted tri-state node feeding "secuenciador:SEC_1|mux_1X2X1_4:MUX_1|SALIDA[2]" into a selector File: C:/Users/ramse/Downloads/Practica_6/mux_1X2X1_4.vhd Line: 13
    Warning (13048): Converted tri-state node feeding "secuenciador:SEC_1|mux_1X2X1_4:MUX_1|SALIDA[1]" into a selector File: C:/Users/ramse/Downloads/Practica_6/mux_1X2X1_4.vhd Line: 13
    Warning (13048): Converted tri-state node feeding "secuenciador:SEC_1|mux_1X2X1_4:MUX_1|SALIDA[0]" into a selector File: C:/Users/ramse/Downloads/Practica_6/mux_1X2X1_4.vhd Line: 13
Warning (14026): LATCH primitive "mux_2X4X1_1:MUX_1|SALIDA" is permanently enabled File: C:/Users/ramse/Downloads/Practica_6/mux_2X4X1_1.vhd Line: 10
Info (286030): Timing-Driven Synthesis is running
Info (16010): Generating hard_block partition "hard_block:auto_generated_inst"
    Info (16011): Adding 0 node(s), including 0 DDIO, 0 PLL, 0 transceiver and 0 LCELL
Info (21057): Implemented 84 device resources after synthesis - the final resource count might be different
    Info (21058): Implemented 13 input pins
    Info (21059): Implemented 8 output pins
    Info (21061): Implemented 63 logic cells
Info: Quartus Prime Analysis & Synthesis was successful. 0 errors, 11 warnings
    Info: Peak virtual memory: 4793 megabytes
    Info: Processing ended: Tue Nov 12 18:52:39 2019
    Info: Elapsed time: 00:00:20
    Info: Total CPU time (on all processors): 00:00:26


